workingDir: /home/basbas/compiler.git/edu.ufl.cise.sial.compiler
propertyPath: null
SialPath constructor after properties added: dirs: [/home/basbas/compiler.git/edu.ufl.cise.sial.compiler]
workingDir: /home/basbas/compiler.git/edu.ufl.cise.sial.compiler
SialPath at end of constructor: dirs: [/home/basbas/compiler.git/edu.ufl.cise.sial.compiler]
workingDir: /home/basbas/compiler.git/edu.ufl.cise.sial.compiler
path separator: :
BIG_ENDIAN: false
VERBOSE: false
NO_GENERATE: false
EXPAND: false
ACES: true
SUFFIX: sialx
PATH: dirs: [/home/basbas/compiler.git/edu.ufl.cise.sial.compiler, /home/basbas/aces_compiler/acesiii/src/aces/aces_sial, /home/basbas/aces_compiler/acesiii/src/aces/aces_sial/ccsd]
workingDir: /home/basbas/compiler.git/edu.ufl.cise.sial.compiler
OUTPUT_DIR: null
INPUT_DIR_OR_FILE: eccsd_rhf.sialx
searching
/home/basbas/compiler.git/edu.ufl.cise.sial.compiler/eccsd_rhf.sialx
/home/basbas/aces_compiler/acesiii/src/aces/aces_sial/eccsd_rhf.sialx
/home/basbas/aces_compiler/acesiii/src/aces/aces_sial/ccsd/eccsd_rhf.sialx
searching
/home/basbas/compiler.git/edu.ufl.cise.sial.compiler/aces_defs.sialx
/home/basbas/aces_compiler/acesiii/src/aces/aces_sial/aces_defs.sialx
Parsed files: [/home/basbas/aces_compiler/acesiii/src/aces/aces_sial/ccsd/eccsd_rhf.sialx]
